<?xml version="1.0" encoding="UTF-8"?>
<beans xmlns="http://www.springframework.org/schema/beans" xmlns:context="http://www.springframework.org/schema/context"
  xmlns:xsi="http://www.w3.org/2001/XMLSchema-instance" xmlns:p="http://www.springframework.org/schema/p"
  xsi:schemaLocation="http://www.springframework.org/schema/beans http://www.springframework.org/schema/beans/spring-beans-3.1.xsd
  http://www.springframework.org/schema/context http://www.springframework.org/schema/context/spring-context-3.0.xsd">


  <import resource="classpath:/spring/spring-context.xml" />


  <bean id="datasource" class="org.springframework.jdbc.datasource.DriverManagerDataSource">
    <property name="driverClassName" value="${db.driverClass}" />
    <property name="url" value="${db.jdbcUrl}" />
    <property name="username" value="${db.user}" />
    <property name="password" value="${db.password}" />
  </bean>


  <context:component-scan base-package="com.salesmanager.test" />

</beans>
